[0m00:42:34.406876 [debug] [MainThread]: Sending event: {'category': 'dbt', 'action': 'invocation', 'label': 'start', 'context': [<snowplow_tracker.self_describing_json.SelfDescribingJson object at 0x7f070224beb0>, <snowplow_tracker.self_describing_json.SelfDescribingJson object at 0x7f0701000880>, <snowplow_tracker.self_describing_json.SelfDescribingJson object at 0x7f0701000820>]}


============================== 00:42:34.411115 | cef494dd-687f-4056-b61e-9f7ada676634 ==============================
[0m00:42:34.411115 [info ] [MainThread]: Running with dbt=1.9.1
[0m00:42:34.411656 [debug] [MainThread]: running dbt with arguments {'printer_width': '80', 'indirect_selection': 'eager', 'log_cache_events': 'False', 'write_json': 'True', 'partial_parse': 'True', 'cache_selected_only': 'False', 'profiles_dir': '/home/kayke/.dbt', 'fail_fast': 'False', 'debug': 'False', 'log_path': 'logs', 'version_check': 'True', 'warn_error': 'None', 'use_colors': 'True', 'use_experimental_parser': 'False', 'no_print': 'None', 'quiet': 'False', 'empty': 'None', 'warn_error_options': 'WarnErrorOptions(include=[], exclude=[])', 'introspect': 'True', 'log_format': 'default', 'static_parser': 'True', 'target_path': 'None', 'invocation_command': 'dbt init', 'send_anonymous_usage_stats': 'True'}
[0m00:42:34.417224 [warn ] [MainThread]: [ConfigFolderDirectory]: Unable to parse logging event dictionary. Failed to parse dir field: expected string or bytes-like object.. Dictionary: {'dir': PosixPath('/home/kayke/.dbt')}
[0m00:42:34.417799 [info ] [MainThread]: Creating dbt configuration folder at 
[0m00:43:05.652297 [debug] [MainThread]: Starter project path: /home/kayke/project/Python/DataScience/PipelineETL/env/lib/python3.10/site-packages/dbt/include/starter_project
[0m00:43:05.655955 [info ] [MainThread]: 
Your new dbt project "datawarehouse" was created!

For more information on how to configure the profiles.yml file,
please consult the dbt documentation here:

  https://docs.getdbt.com/docs/configure-your-profile

One more thing:

Need help? Don't hesitate to reach out to us via GitHub issues or on Slack:

  https://community.getdbt.com/

Happy modeling!

[0m00:43:05.656385 [info ] [MainThread]: Setting up your profile.
[0m00:43:55.800885 [info ] [MainThread]: Profile datawarehouse written to /home/kayke/.dbt/profiles.yml using target's profile_template.yml and your supplied values. Run 'dbt debug' to validate the connection.
[0m00:43:55.803286 [debug] [MainThread]: Resource report: {"command_name": "init", "command_success": true, "command_wall_clock_time": 81.44525, "process_in_blocks": "14784", "process_kernel_time": 0.121867, "process_mem_max_rss": "91028", "process_out_blocks": "88", "process_user_time": 0.934321}
[0m00:43:55.803874 [debug] [MainThread]: Command `dbt init` succeeded at 00:43:55.803779 after 81.45 seconds
[0m00:43:55.804284 [debug] [MainThread]: Sending event: {'category': 'dbt', 'action': 'invocation', 'label': 'end', 'context': [<snowplow_tracker.self_describing_json.SelfDescribingJson object at 0x7f070224beb0>, <snowplow_tracker.self_describing_json.SelfDescribingJson object at 0x7f0700711a50>, <snowplow_tracker.self_describing_json.SelfDescribingJson object at 0x7f07010010f0>]}
[0m00:43:55.804740 [debug] [MainThread]: Flushing usage events
[0m00:43:56.378938 [debug] [MainThread]: An error was encountered while trying to flush usage events
